<?xml version="1.0" encoding="UTF-8"?>
<!-- Generated by org.testng.reporters.JUnitReportReporter -->
<testsuite hostname="DESKTOP-M2RHSKU" failures="0" tests="1" name="com.arieh.tests.Arieh_UAT_MulitpleAddStockPageTest" time="41.781" errors="0" timestamp="2024-11-11T11:40:47 IST" skipped="0">
  <testcase classname="com.arieh.tests.Arieh_UAT_MulitpleAddStockPageTest" name="testWithAddMulitpleStock" time="41.781"/>
</testsuite> <!-- com.arieh.tests.Arieh_UAT_MulitpleAddStockPageTest -->
