<?xml version="1.0" encoding="UTF-8"?>
<!-- Generated by org.testng.reporters.JUnitReportReporter -->
<testsuite hostname="DESKTOP-M2RHSKU" failures="0" tests="2" name="com.arieh.tests.Arieh_UAT_ResidualPageTest" time="2.295" errors="0" timestamp="2024-12-04T16:26:32 IST" skipped="0">
  <testcase classname="com.arieh.tests.Arieh_UAT_ResidualPageTest" name="testWithOtpRetireve" time="1.744"/>
  <testcase classname="com.arieh.tests.Arieh_UAT_ResidualPageTest" name="testDeleteStockAndDispatch" time="0.551"/>
</testsuite> <!-- com.arieh.tests.Arieh_UAT_ResidualPageTest -->
