<?xml version="1.0" encoding="UTF-8"?>
<!-- Generated by org.testng.reporters.JUnitReportReporter -->
<testsuite hostname="DESKTOP-M2RHSKU" failures="0" tests="2" name="com.arieh.tests.Arieh_UAT_MulitpleAddStockPageTest" time="61.081" errors="0" timestamp="2024-12-04T16:26:32 IST" skipped="0">
  <testcase classname="com.arieh.tests.Arieh_UAT_MulitpleAddStockPageTest" name="testWithAddMulitpleStock" time="37.234"/>
  <testcase classname="com.arieh.tests.Arieh_UAT_MulitpleAddStockPageTest" name="testWithUploadExcelForAddStock" time="23.847"/>
</testsuite> <!-- com.arieh.tests.Arieh_UAT_MulitpleAddStockPageTest -->
