<?xml version="1.0" encoding="UTF-8"?>
<!-- Generated by org.testng.reporters.JUnitReportReporter -->
<testsuite hostname="DESKTOP-M2RHSKU" failures="0" tests="2" name="com.arieh.tests.Arieh_UAT_AddDispatchPageTest" time="40.527" errors="0" timestamp="2024-11-11T16:31:24 IST" skipped="0">
  <testcase classname="com.arieh.tests.Arieh_UAT_AddDispatchPageTest" name="testWithAddDispatch" time="20.481"/>
  <testcase classname="com.arieh.tests.Arieh_UAT_AddDispatchPageTest" name="testWithAddDispatch" time="20.046"/>
</testsuite> <!-- com.arieh.tests.Arieh_UAT_AddDispatchPageTest -->
