<?xml version="1.0" encoding="UTF-8"?>
<!-- Generated by org.testng.reporters.JUnitReportReporter -->
<testsuite hostname="DESKTOP-M2RHSKU" failures="0" tests="1" name="com.arieh.tests.Arieh_UAT_ResidualPageTest" time="1.810" errors="0" timestamp="2024-11-18T11:01:36 IST" skipped="0">
  <testcase classname="com.arieh.tests.Arieh_UAT_ResidualPageTest" name="testWithOtpRetireve" time="1.810"/>
  <system-out/>
</testsuite> <!-- com.arieh.tests.Arieh_UAT_ResidualPageTest -->
