<?xml version="1.0" encoding="UTF-8"?>
<!-- Generated by org.testng.reporters.JUnitReportReporter -->
<testsuite hostname="DESKTOP-M2RHSKU" failures="0" tests="1" name="com.arieh.tests.Arieh_UAT_DispatchPageTest" time="11.452" errors="0" timestamp="2024-11-12T14:56:17 IST" skipped="0">
  <testcase classname="com.arieh.tests.Arieh_UAT_DispatchPageTest" name="testWithUploadStock" time="11.452"/>
  <system-out/>
</testsuite> <!-- com.arieh.tests.Arieh_UAT_DispatchPageTest -->
