<?xml version="1.0" encoding="UTF-8"?>
<!-- Generated by org.testng.reporters.JUnitReportReporter -->
<testsuite hostname="DESKTOP-M2RHSKU" failures="0" tests="1" name="com.arieh.tests.Arieh_UAT_LoginPageTest" time="9.256" errors="0" timestamp="2024-10-10T12:26:17 IST" skipped="0">
  <testcase classname="com.arieh.tests.Arieh_UAT_LoginPageTest" name="testValidCredentials" time="9.256"/>
</testsuite> <!-- com.arieh.tests.Arieh_UAT_LoginPageTest -->
