<?xml version="1.0" encoding="UTF-8"?>
<!-- Generated by org.testng.reporters.JUnitReportReporter -->
<testsuite hostname="DESKTOP-M2RHSKU" failures="0" tests="2" name="com.arieh.tests.Arieh_UAT_AddStockPageTest" time="27.038" errors="0" timestamp="2024-11-11T16:31:24 IST" skipped="0">
  <testcase classname="com.arieh.tests.Arieh_UAT_AddStockPageTest" name="testBalanceForNewStock" time="15.387"/>
  <testcase classname="com.arieh.tests.Arieh_UAT_AddStockPageTest" name="testOpeninForNewStock" time="11.651"/>
</testsuite> <!-- com.arieh.tests.Arieh_UAT_AddStockPageTest -->
